info @storybook/react v6.5.0-alpha.4
info 
info => Cleaning outputDir: /var/folders/vd/k7v3_2j15h14t9509844kbnr0000gn/T/chromatic--29381-xC9PLkrDeERA
info => Loading presets
(node:29420) [DEP0148] DeprecationWarning: Use of deprecated folder mapping "./" in the "exports" field module resolution of the package at /Users/ryota.murakami/laststance/nsx/node_modules/react/package.json.
Update this package.json to use a subpath pattern like "./*".
(Use `node --trace-deprecation ...` to show where the warning was created)
info => Loading custom manager config
info => Compiling manager..
vite v2.7.3 building for production...
transforming...
info => Loading custom manager config
Conflicting namespaces: "node_modules/@storybook/components/dist/esm/index.js" re-exports "components" from both "node_modules/@storybook/components/dist/esm/index.js" and "node_modules/@storybook/components/dist/esm/typography/DocumentFormatting.js" (will be ignored)
Conflicting namespaces: "node_modules/@storybook/addon-docs/dist/esm/blocks/index.js" re-exports "SourceState" from both "node_modules/@storybook/addon-docs/dist/esm/blocks/Canvas.js" and "node_modules/@storybook/addon-docs/dist/esm/blocks/Source.js" (will be ignored)
Use of eval is strongly discouraged, as it poses security risks and may cause issues with minification
Use of eval is strongly discouraged, as it poses security risks and may cause issues with minification
Use of eval is strongly discouraged, as it poses security risks and may cause issues with minification
✓ 1509 modules transformed.
rendering chunks...
../../../../var/folders/vd/k7v3_2j15h14t9509844kbnr0000gn/T/chromatic--29381-xC9PLkrDeERA/iframe.html                                 11.67 KiB
../../../../var/folders/vd/k7v3_2j15h14t9509844kbnr0000gn/T/chromatic--29381-xC9PLkrDeERA/assets/iframe.1d9cb0be.js                   7.20 KiB / gzip: 2.98 KiB
../../../../var/folders/vd/k7v3_2j15h14t9509844kbnr0000gn/T/chromatic--29381-xC9PLkrDeERA/assets/iframe.1d9cb0be.js.map               16.51 KiB
../../../../var/folders/vd/k7v3_2j15h14t9509844kbnr0000gn/T/chromatic--29381-xC9PLkrDeERA/assets/renderDocs.d2d9b0c0.js               2.38 KiB / gzip: 1.13 KiB
../../../../var/folders/vd/k7v3_2j15h14t9509844kbnr0000gn/T/chromatic--29381-xC9PLkrDeERA/assets/renderDocs.d2d9b0c0.js.map           7.89 KiB
../../../../var/folders/vd/k7v3_2j15h14t9509844kbnr0000gn/T/chromatic--29381-xC9PLkrDeERA/assets/Color.b7174b38.js                    33.63 KiB / gzip: 12.45 KiB
../../../../var/folders/vd/k7v3_2j15h14t9509844kbnr0000gn/T/chromatic--29381-xC9PLkrDeERA/assets/Color.b7174b38.js.map                116.28 KiB
../../../../var/folders/vd/k7v3_2j15h14t9509844kbnr0000gn/T/chromatic--29381-xC9PLkrDeERA/assets/WithTooltip.05c76cad.js              38.50 KiB / gzip: 12.66 KiB
../../../../var/folders/vd/k7v3_2j15h14t9509844kbnr0000gn/T/chromatic--29381-xC9PLkrDeERA/assets/WithTooltip.05c76cad.js.map          167.25 KiB
../../../../var/folders/vd/k7v3_2j15h14t9509844kbnr0000gn/T/chromatic--29381-xC9PLkrDeERA/assets/GlobalScrollAreaStyles.72814515.js   10.08 KiB / gzip: 2.25 KiB
../../../../var/folders/vd/k7v3_2j15h14t9509844kbnr0000gn/T/chromatic--29381-xC9PLkrDeERA/assets/GlobalScrollAreaStyles.72814515.js.map 18.47 KiB
../../../../var/folders/vd/k7v3_2j15h14t9509844kbnr0000gn/T/chromatic--29381-xC9PLkrDeERA/assets/syntaxhighlighter.37d24262.js        68.48 KiB / gzip: 26.03 KiB
../../../../var/folders/vd/k7v3_2j15h14t9509844kbnr0000gn/T/chromatic--29381-xC9PLkrDeERA/assets/syntaxhighlighter.37d24262.js.map    240.46 KiB
../../../../var/folders/vd/k7v3_2j15h14t9509844kbnr0000gn/T/chromatic--29381-xC9PLkrDeERA/assets/OverlayScrollbars.6f1a66b6.js        57.99 KiB / gzip: 24.82 KiB
../../../../var/folders/vd/k7v3_2j15h14t9509844kbnr0000gn/T/chromatic--29381-xC9PLkrDeERA/assets/OverlayScrollbars.6f1a66b6.js.map    457.63 KiB
../../../../var/folders/vd/k7v3_2j15h14t9509844kbnr0000gn/T/chromatic--29381-xC9PLkrDeERA/assets/index.b55dc268.js                    459.91 KiB / gzip: 126.33 KiB
../../../../var/folders/vd/k7v3_2j15h14t9509844kbnr0000gn/T/chromatic--29381-xC9PLkrDeERA/assets/index.b55dc268.js.map                1198.76 KiB
../../../../var/folders/vd/k7v3_2j15h14t9509844kbnr0000gn/T/chromatic--29381-xC9PLkrDeERA/assets/vendor.626929d7.js                   850.68 KiB / gzip: 238.90 KiB
../../../../var/folders/vd/k7v3_2j15h14t9509844kbnr0000gn/T/chromatic--29381-xC9PLkrDeERA/assets/vendor.626929d7.js.map               2422.60 KiB

(!) Some chunks are larger than 500 KiB after minification. Consider:
- Using dynamic import() to code-split the application
- Use build.rollupOptions.output.manualChunks to improve chunking: https://rollupjs.org/guide/en/#outputmanualchunks
- Adjust chunk size limit for this warning via build.chunkSizeWarningLimit.
info => Manager built (32 s)
info => Output directory: /var/folders/vd/k7v3_2j15h14t9509844kbnr0000gn/T/chromatic--29381-xC9PLkrDeERA
